<?xml version="1.0" encoding="UTF-8"?>
<testng-results skipped="0" failed="1" ignored="0" total="2" passed="1">
  <reporter-output>
  </reporter-output>
  <suite name="RestClientLibraryTest" duration-ms="919" started-at="2017-10-26T08:04:21Z" finished-at="2017-10-26T08:04:22Z">
    <groups>
    </groups>
    <test name="Command line test" duration-ms="919" started-at="2017-10-26T08:04:21Z" finished-at="2017-10-26T08:04:22Z">
      <class name="RestClientLibraryTest">
        <test-method status="PASS" signature="setUp()[pri:0, instance:RestClientLibraryTest@7dc36524]" name="setUp" is-config="true" duration-ms="9" started-at="2017-10-26T11:04:21Z" finished-at="2017-10-26T11:04:21Z">
          <reporter-output>
          </reporter-output>
        </test-method> <!-- setUp -->
        <test-method status="PASS" signature="addNewBookTest()[pri:0, instance:RestClientLibraryTest@7dc36524]" name="addNewBookTest" duration-ms="834" started-at="2017-10-26T11:04:21Z" finished-at="2017-10-26T11:04:22Z">
          <reporter-output>
          </reporter-output>
        </test-method> <!-- addNewBookTest -->
        <test-method status="FAIL" signature="getAllBooksTest()[pri:0, instance:RestClientLibraryTest@7dc36524]" name="getAllBooksTest" duration-ms="53" started-at="2017-10-26T11:04:22Z" finished-at="2017-10-26T11:04:22Z">
          <exception class="java.lang.AssertionError">
            <message>
              <![CDATA[expected [[{"author":"Doil","bookNo":"1","genre":"ROMANCE","name":"Sherlock"},{"author":"Djordan","bookNo":"2","genre":"FANTASY","name":"WheelOfTime"},{"author":"Brown","bookNo":"3","genre":"FANTASY","name":"Inferno"}]] but found [[{"author":"Doil","bookNo":"1","genre":"ROMANCE","name":"Sherlock"},{"author":"Djordan","bookNo":"2","genre":"FANTASY","name":"WheelOfTime"},{"author":"Brown","bookNo":"3","genre":"FANTASY","name":"Inferno"},{"author":"King","bookNo":"4","genre":"COMEDY","name":"Jaws"}]]]]>
            </message>
            <full-stacktrace>
              <![CDATA[java.lang.AssertionError: expected [[{"author":"Doil","bookNo":"1","genre":"ROMANCE","name":"Sherlock"},{"author":"Djordan","bookNo":"2","genre":"FANTASY","name":"WheelOfTime"},{"author":"Brown","bookNo":"3","genre":"FANTASY","name":"Inferno"}]] but found [[{"author":"Doil","bookNo":"1","genre":"ROMANCE","name":"Sherlock"},{"author":"Djordan","bookNo":"2","genre":"FANTASY","name":"WheelOfTime"},{"author":"Brown","bookNo":"3","genre":"FANTASY","name":"Inferno"},{"author":"King","bookNo":"4","genre":"COMEDY","name":"Jaws"}]]
	at org.testng.Assert.fail(Assert.java:93)
	at org.testng.Assert.failNotEquals(Assert.java:512)
	at org.testng.Assert.assertEqualsImpl(Assert.java:134)
	at org.testng.Assert.assertEquals(Assert.java:115)
	at org.testng.Assert.assertEquals(Assert.java:189)
	at org.testng.Assert.assertEquals(Assert.java:199)
	at RestClientLibraryTest.getAllBooksTest(RestClientLibraryTest.java:20)
	at sun.reflect.NativeMethodAccessorImpl.invoke0(Native Method)
	at sun.reflect.NativeMethodAccessorImpl.invoke(NativeMethodAccessorImpl.java:62)
	at sun.reflect.DelegatingMethodAccessorImpl.invoke(DelegatingMethodAccessorImpl.java:43)
	at java.lang.reflect.Method.invoke(Method.java:498)
	at org.testng.internal.MethodInvocationHelper.invokeMethod(MethodInvocationHelper.java:108)
	at org.testng.internal.Invoker.invokeMethod(Invoker.java:661)
	at org.testng.internal.Invoker.invokeTestMethod(Invoker.java:869)
	at org.testng.internal.Invoker.invokeTestMethods(Invoker.java:1193)
	at org.testng.internal.TestMethodWorker.invokeTestMethods(TestMethodWorker.java:126)
	at org.testng.internal.TestMethodWorker.run(TestMethodWorker.java:109)
	at org.testng.TestRunner.privateRun(TestRunner.java:744)
	at org.testng.TestRunner.run(TestRunner.java:602)
	at org.testng.SuiteRunner.runTest(SuiteRunner.java:380)
	at org.testng.SuiteRunner.runSequentially(SuiteRunner.java:375)
	at org.testng.SuiteRunner.privateRun(SuiteRunner.java:340)
	at org.testng.SuiteRunner.run(SuiteRunner.java:289)
	at org.testng.SuiteRunnerWorker.runSuite(SuiteRunnerWorker.java:52)
	at org.testng.SuiteRunnerWorker.run(SuiteRunnerWorker.java:86)
	at org.testng.TestNG.runSuitesSequentially(TestNG.java:1301)
	at org.testng.TestNG.runSuitesLocally(TestNG.java:1226)
	at org.testng.TestNG.runSuites(TestNG.java:1144)
	at org.testng.TestNG.run(TestNG.java:1115)
	at org.apache.maven.surefire.testng.TestNGExecutor.run(TestNGExecutor.java:77)
	at org.apache.maven.surefire.testng.TestNGDirectoryTestSuite.execute(TestNGDirectoryTestSuite.java:110)
	at org.apache.maven.surefire.testng.TestNGProvider.invoke(TestNGProvider.java:106)
	at sun.reflect.NativeMethodAccessorImpl.invoke0(Native Method)
	at sun.reflect.NativeMethodAccessorImpl.invoke(NativeMethodAccessorImpl.java:62)
	at sun.reflect.DelegatingMethodAccessorImpl.invoke(DelegatingMethodAccessorImpl.java:43)
	at java.lang.reflect.Method.invoke(Method.java:498)
	at org.apache.maven.surefire.util.ReflectionUtils.invokeMethodWithArray(ReflectionUtils.java:189)
	at org.apache.maven.surefire.booter.ProviderFactory$ProviderProxy.invoke(ProviderFactory.java:165)
	at org.apache.maven.surefire.booter.ProviderFactory.invokeProvider(ProviderFactory.java:85)
	at org.apache.maven.surefire.booter.ForkedBooter.runSuitesInProcess(ForkedBooter.java:115)
	at org.apache.maven.surefire.booter.ForkedBooter.main(ForkedBooter.java:75)
]]>
            </full-stacktrace>
          </exception> <!-- java.lang.AssertionError -->
          <reporter-output>
          </reporter-output>
        </test-method> <!-- getAllBooksTest -->
      </class> <!-- RestClientLibraryTest -->
    </test> <!-- Command line test -->
  </suite> <!-- RestClientLibraryTest -->
</testng-results>
