<?xml version="1.0" encoding="UTF-8" ?>
<testsuite tests="2" failures="1" name="RestClientLibraryTest" time="0.891" errors="0" skipped="0">
  <properties>
    <property name="idea.version" value="2017.2.5"/>
    <property name="java.runtime.name" value="Java(TM) SE Runtime Environment"/>
    <property name="sun.boot.library.path" value="C:\Program Files\Java\jdk1.8.0_144\jre\bin"/>
    <property name="java.vm.version" value="25.144-b01"/>
    <property name="java.vm.vendor" value="Oracle Corporation"/>
    <property name="maven.multiModuleProjectDirectory" value="C:\Users\Volodymyr_konontsev\IdeaProjects\VolodymyrKonontsevServices\RestLibraryClient"/>
    <property name="threadCount" value="4"/>
    <property name="java.vendor.url" value="http://java.oracle.com/"/>
    <property name="path.separator" value=";"/>
    <property name="guice.disable.misplaced.annotation.check" value="true"/>
    <property name="java.vm.name" value="Java HotSpot(TM) 64-Bit Server VM"/>
    <property name="file.encoding.pkg" value="sun.io"/>
    <property name="user.script" value=""/>
    <property name="user.country" value="US"/>
    <property name="sun.java.launcher" value="SUN_STANDARD"/>
    <property name="sun.os.patch.level" value=""/>
    <property name="java.vm.specification.name" value="Java Virtual Machine Specification"/>
    <property name="user.dir" value="C:\Users\Volodymyr_konontsev\IdeaProjects\VolodymyrKonontsevServices\RestLibraryClient"/>
    <property name="java.runtime.version" value="1.8.0_144-b01"/>
    <property name="java.awt.graphicsenv" value="sun.awt.Win32GraphicsEnvironment"/>
    <property name="java.endorsed.dirs" value="C:\Program Files\Java\jdk1.8.0_144\jre\lib\endorsed"/>
    <property name="os.arch" value="amd64"/>
    <property name="java.io.tmpdir" value="C:\Users\VOLODY~1\AppData\Local\Temp\"/>
    <property name="line.separator" value="
"/>
    <property name="java.vm.specification.vendor" value="Oracle Corporation"/>
    <property name="user.variant" value=""/>
    <property name="os.name" value="Windows 10"/>
    <property name="classworlds.conf" value="C:\Program Files\JetBrains\IntelliJ IDEA Community Edition 2017.2.5\plugins\maven\lib\maven3\bin\m2.conf"/>
    <property name="sun.jnu.encoding" value="Cp1251"/>
    <property name="java.library.path" value="C:\Program Files\Java\jdk1.8.0_144\bin;C:\WINDOWS\Sun\Java\bin;C:\WINDOWS\system32;C:\WINDOWS;C:\ProgramData\Oracle\Java\javapath;C:\WINDOWS\system32;C:\WINDOWS;C:\WINDOWS\System32\Wbem;C:\WINDOWS\System32\WindowsPowerShell\v1.0\;C:\Program Files\TortoiseSVN\bin;C:\Program Files (x86)\Skype\Phone\;C:\Program Files\Git\cmd;C:\Program Files\Java\jdk1.8.0_144;C:\Users\Volodymyr_konontsev\Downloads\apache-maven-3.5.0-bin\apache-maven-3.5.0\bin;C:\Program Files\Java\jdk1.8.0_144\bin;C:\Users\Volodymyr_konontsev\tools\apache-tomcat-9.0.1\bin;C:\Users\Volodymyr_konontsev\AppData\Local\Microsoft\WindowsApps;;."/>
    <property name="java.specification.name" value="Java Platform API Specification"/>
    <property name="java.class.version" value="52.0"/>
    <property name="sun.management.compiler" value="HotSpot 64-Bit Tiered Compilers"/>
    <property name="os.version" value="10.0"/>
    <property name="user.home" value="C:\Users\Volodymyr_konontsev"/>
    <property name="user.timezone" value="Europe/Helsinki"/>
    <property name="java.awt.printerjob" value="sun.awt.windows.WPrinterJob"/>
    <property name="java.specification.version" value="1.8"/>
    <property name="file.encoding" value="UTF-8"/>
    <property name="user.name" value="Volodymyr_Konontsev"/>
    <property name="java.class.path" value="C:\Program Files\JetBrains\IntelliJ IDEA Community Edition 2017.2.5\plugins\maven\lib\maven3\boot\plexus-classworlds-2.5.2.jar;C:\Program Files\JetBrains\IntelliJ IDEA Community Edition 2017.2.5\lib\idea_rt.jar"/>
    <property name="java.vm.specification.version" value="1.8"/>
    <property name="sun.arch.data.model" value="64"/>
    <property name="java.home" value="C:\Program Files\Java\jdk1.8.0_144\jre"/>
    <property name="sun.java.command" value="org.codehaus.classworlds.Launcher -Didea.version=2017.2.5 test-compile surefire:test -DforkMode=perthread -DthreadCount=4"/>
    <property name="java.specification.vendor" value="Oracle Corporation"/>
    <property name="user.language" value="en"/>
    <property name="awt.toolkit" value="sun.awt.windows.WToolkit"/>
    <property name="java.vm.info" value="mixed mode"/>
    <property name="java.version" value="1.8.0_144"/>
    <property name="java.ext.dirs" value="C:\Program Files\Java\jdk1.8.0_144\jre\lib\ext;C:\WINDOWS\Sun\Java\lib\ext"/>
    <property name="sun.boot.class.path" value="C:\Program Files\Java\jdk1.8.0_144\jre\lib\resources.jar;C:\Program Files\Java\jdk1.8.0_144\jre\lib\rt.jar;C:\Program Files\Java\jdk1.8.0_144\jre\lib\sunrsasign.jar;C:\Program Files\Java\jdk1.8.0_144\jre\lib\jsse.jar;C:\Program Files\Java\jdk1.8.0_144\jre\lib\jce.jar;C:\Program Files\Java\jdk1.8.0_144\jre\lib\charsets.jar;C:\Program Files\Java\jdk1.8.0_144\jre\lib\jfr.jar;C:\Program Files\Java\jdk1.8.0_144\jre\classes"/>
    <property name="java.vendor" value="Oracle Corporation"/>
    <property name="maven.home" value="C:\Program Files\JetBrains\IntelliJ IDEA Community Edition 2017.2.5\plugins\maven\lib\maven3"/>
    <property name="file.separator" value="\"/>
    <property name="java.vendor.url.bug" value="http://bugreport.sun.com/bugreport/"/>
    <property name="forkMode" value="perthread"/>
    <property name="sun.cpu.endian" value="little"/>
    <property name="sun.io.unicode.encoding" value="UnicodeLittle"/>
    <property name="sun.desktop" value="windows"/>
    <property name="sun.cpu.isalist" value="amd64"/>
  </properties>
  <testcase classname="RestClientLibraryTest" name="addNewBookTest" time="0.842"/>
  <testcase classname="RestClientLibraryTest" name="getAllBooksTest" time="0.049">
    <failure message="expected [[{&quot;author&quot;:&quot;Doil&quot;,&quot;bookNo&quot;:&quot;1&quot;,&quot;genre&quot;:&quot;ROMANCE&quot;,&quot;name&quot;:&quot;Sherlock&quot;},{&quot;author&quot;:&quot;Djordan&quot;,&quot;bookNo&quot;:&quot;2&quot;,&quot;genre&quot;:&quot;FANTASY&quot;,&quot;name&quot;:&quot;WheelOfTime&quot;},{&quot;author&quot;:&quot;Brown&quot;,&quot;bookNo&quot;:&quot;3&quot;,&quot;genre&quot;:&quot;FANTASY&quot;,&quot;name&quot;:&quot;Inferno&quot;}]] but found [[{&quot;author&quot;:&quot;Doil&quot;,&quot;bookNo&quot;:&quot;1&quot;,&quot;genre&quot;:&quot;ROMANCE&quot;,&quot;name&quot;:&quot;Sherlock&quot;},{&quot;author&quot;:&quot;Djordan&quot;,&quot;bookNo&quot;:&quot;2&quot;,&quot;genre&quot;:&quot;FANTASY&quot;,&quot;name&quot;:&quot;WheelOfTime&quot;},{&quot;author&quot;:&quot;Brown&quot;,&quot;bookNo&quot;:&quot;3&quot;,&quot;genre&quot;:&quot;FANTASY&quot;,&quot;name&quot;:&quot;Inferno&quot;},{&quot;author&quot;:&quot;King&quot;,&quot;bookNo&quot;:&quot;4&quot;,&quot;genre&quot;:&quot;COMEDY&quot;,&quot;name&quot;:&quot;Jaws&quot;}]]" type="java.lang.AssertionError">java.lang.AssertionError: expected [[{&quot;author&quot;:&quot;Doil&quot;,&quot;bookNo&quot;:&quot;1&quot;,&quot;genre&quot;:&quot;ROMANCE&quot;,&quot;name&quot;:&quot;Sherlock&quot;},{&quot;author&quot;:&quot;Djordan&quot;,&quot;bookNo&quot;:&quot;2&quot;,&quot;genre&quot;:&quot;FANTASY&quot;,&quot;name&quot;:&quot;WheelOfTime&quot;},{&quot;author&quot;:&quot;Brown&quot;,&quot;bookNo&quot;:&quot;3&quot;,&quot;genre&quot;:&quot;FANTASY&quot;,&quot;name&quot;:&quot;Inferno&quot;}]] but found [[{&quot;author&quot;:&quot;Doil&quot;,&quot;bookNo&quot;:&quot;1&quot;,&quot;genre&quot;:&quot;ROMANCE&quot;,&quot;name&quot;:&quot;Sherlock&quot;},{&quot;author&quot;:&quot;Djordan&quot;,&quot;bookNo&quot;:&quot;2&quot;,&quot;genre&quot;:&quot;FANTASY&quot;,&quot;name&quot;:&quot;WheelOfTime&quot;},{&quot;author&quot;:&quot;Brown&quot;,&quot;bookNo&quot;:&quot;3&quot;,&quot;genre&quot;:&quot;FANTASY&quot;,&quot;name&quot;:&quot;Inferno&quot;},{&quot;author&quot;:&quot;King&quot;,&quot;bookNo&quot;:&quot;4&quot;,&quot;genre&quot;:&quot;COMEDY&quot;,&quot;name&quot;:&quot;Jaws&quot;}]]
	at org.testng.Assert.fail(Assert.java:93)
	at org.testng.Assert.failNotEquals(Assert.java:512)
	at org.testng.Assert.assertEqualsImpl(Assert.java:134)
	at org.testng.Assert.assertEquals(Assert.java:115)
	at org.testng.Assert.assertEquals(Assert.java:189)
	at org.testng.Assert.assertEquals(Assert.java:199)
	at RestClientLibraryTest.getAllBooksTest(RestClientLibraryTest.java:20)
</failure>
  </testcase>
</testsuite>