<?xml version="1.0" encoding="UTF-8"?>
<!-- Generated by org.testng.reporters.JUnitXMLReporter -->
<testsuite hostname="EPUALVIW0355" ignored="0" tests="3" failures="3" timestamp="16 Jan 2018 14:39:17 GMT" time="4.581" errors="0">
  <testcase name="deleteBookTest" time="2.415" classname="RestClientLibraryTest">
    <failure type="java.lang.AssertionError" message="expected [true] but found [false]">
      <![CDATA[java.lang.AssertionError: expected [true] but found [false]
	at RestClientLibraryTest.deleteBookTest(RestClientLibraryTest.java:36)
... Removed 39 stack frames]]>
    </failure>
  </testcase> <!-- deleteBookTest -->
  <testcase name="getAllBooksTest" time="1.07" classname="RestClientLibraryTest">
    <failure type="java.lang.AssertionError" message="expected [[{&amp;quot;author&amp;quot;:&amp;quot;Doil&amp;quot;,&amp;quot;bookNo&amp;quot;:&amp;quot;1&amp;quot;,&amp;quot;genre&amp;quot;:&amp;quot;ROMANCE&amp;quot;,&amp;quot;name&amp;quot;:&amp;quot;Sherlock&amp;quot;},{&amp;quot;author&amp;quot;:&amp;quot;Djordan&amp;quot;,&amp;quot;bookNo&amp;quot;:&amp;quot;2&amp;quot;,&amp;quot;genre&amp;quot;:&amp;quot;FANTASY&amp;quot;,&amp;quot;name&amp;quot;:&amp;quot;WheelOfTime&amp;quot;},{&amp;quot;author&amp;quot;:&amp;quot;Brown&amp;quot;,&amp;quot;bookNo&amp;quot;:&amp;quot;3&amp;quot;,&amp;quot;genre&amp;quot;:&amp;quot;FANTASY&amp;quot;,&amp;quot;name&amp;quot;:&amp;quot;Inferno&amp;quot;}]] but found [book list is empty]">
      <![CDATA[java.lang.AssertionError: expected [[{"author":"Doil","bookNo":"1","genre":"ROMANCE","name":"Sherlock"},{"author":"Djordan","bookNo":"2","genre":"FANTASY","name":"WheelOfTime"},{"author":"Brown","bookNo":"3","genre":"FANTASY","name":"Inferno"}]] but found [book list is empty]
	at RestClientLibraryTest.getAllBooksTest(RestClientLibraryTest.java:23)
... Removed 41 stack frames]]>
    </failure>
  </testcase> <!-- getAllBooksTest -->
  <testcase name="getBooksByAuthorTest" time="1.063" classname="RestClientLibraryTest">
    <failure type="java.lang.AssertionError" message="expected [[{&amp;quot;author&amp;quot;:&amp;quot;Doil&amp;quot;,&amp;quot;bookNo&amp;quot;:&amp;quot;1&amp;quot;,&amp;quot;genre&amp;quot;:&amp;quot;ROMANCE&amp;quot;,&amp;quot;name&amp;quot;:&amp;quot;Sherlock&amp;quot;},{&amp;quot;author&amp;quot;:&amp;quot;Doil&amp;quot;,&amp;quot;bookNo&amp;quot;:&amp;quot;3&amp;quot;,&amp;quot;genre&amp;quot;:&amp;quot;COMEDY&amp;quot;,&amp;quot;name&amp;quot;:&amp;quot;DoilBook&amp;quot;}]] but found [book list is empty]">
      <![CDATA[java.lang.AssertionError: expected [[{"author":"Doil","bookNo":"1","genre":"ROMANCE","name":"Sherlock"},{"author":"Doil","bookNo":"3","genre":"COMEDY","name":"DoilBook"}]] but found [book list is empty]
	at RestClientLibraryTest.getBooksByAuthorTest(RestClientLibraryTest.java:50)
... Removed 41 stack frames]]>
    </failure>
  </testcase> <!-- getBooksByAuthorTest -->
</testsuite>
