<?xml version="1.0" encoding="UTF-8"?>
<!-- Generated by org.testng.reporters.JUnitXMLReporter -->
<testsuite hostname="EPUALVIW0355" ignored="0" tests="2" failures="1" timestamp="26 Oct 2017 08:04:22 GMT" time="0.919" errors="0">
  <testcase name="addNewBookTest" time="0.834" classname="RestClientLibraryTest"/>
  <testcase name="getAllBooksTest" time="0.053" classname="RestClientLibraryTest">
    <failure type="java.lang.AssertionError" message="expected [[{&amp;quot;author&amp;quot;:&amp;quot;Doil&amp;quot;,&amp;quot;bookNo&amp;quot;:&amp;quot;1&amp;quot;,&amp;quot;genre&amp;quot;:&amp;quot;ROMANCE&amp;quot;,&amp;quot;name&amp;quot;:&amp;quot;Sherlock&amp;quot;},{&amp;quot;author&amp;quot;:&amp;quot;Djordan&amp;quot;,&amp;quot;bookNo&amp;quot;:&amp;quot;2&amp;quot;,&amp;quot;genre&amp;quot;:&amp;quot;FANTASY&amp;quot;,&amp;quot;name&amp;quot;:&amp;quot;WheelOfTime&amp;quot;},{&amp;quot;author&amp;quot;:&amp;quot;Brown&amp;quot;,&amp;quot;bookNo&amp;quot;:&amp;quot;3&amp;quot;,&amp;quot;genre&amp;quot;:&amp;quot;FANTASY&amp;quot;,&amp;quot;name&amp;quot;:&amp;quot;Inferno&amp;quot;}]] but found [[{&amp;quot;author&amp;quot;:&amp;quot;Doil&amp;quot;,&amp;quot;bookNo&amp;quot;:&amp;quot;1&amp;quot;,&amp;quot;genre&amp;quot;:&amp;quot;ROMANCE&amp;quot;,&amp;quot;name&amp;quot;:&amp;quot;Sherlock&amp;quot;},{&amp;quot;author&amp;quot;:&amp;quot;Djordan&amp;quot;,&amp;quot;bookNo&amp;quot;:&amp;quot;2&amp;quot;,&amp;quot;genre&amp;quot;:&amp;quot;FANTASY&amp;quot;,&amp;quot;name&amp;quot;:&amp;quot;WheelOfTime&amp;quot;},{&amp;quot;author&amp;quot;:&amp;quot;Brown&amp;quot;,&amp;quot;bookNo&amp;quot;:&amp;quot;3&amp;quot;,&amp;quot;genre&amp;quot;:&amp;quot;FANTASY&amp;quot;,&amp;quot;name&amp;quot;:&amp;quot;Inferno&amp;quot;},{&amp;quot;author&amp;quot;:&amp;quot;King&amp;quot;,&amp;quot;bookNo&amp;quot;:&amp;quot;4&amp;quot;,&amp;quot;genre&amp;quot;:&amp;quot;COMEDY&amp;quot;,&amp;quot;name&amp;quot;:&amp;quot;Jaws&amp;quot;}]]">
      <![CDATA[java.lang.AssertionError: expected [[{"author":"Doil","bookNo":"1","genre":"ROMANCE","name":"Sherlock"},{"author":"Djordan","bookNo":"2","genre":"FANTASY","name":"WheelOfTime"},{"author":"Brown","bookNo":"3","genre":"FANTASY","name":"Inferno"}]] but found [[{"author":"Doil","bookNo":"1","genre":"ROMANCE","name":"Sherlock"},{"author":"Djordan","bookNo":"2","genre":"FANTASY","name":"WheelOfTime"},{"author":"Brown","bookNo":"3","genre":"FANTASY","name":"Inferno"},{"author":"King","bookNo":"4","genre":"COMEDY","name":"Jaws"}]]
	at RestClientLibraryTest.getAllBooksTest(RestClientLibraryTest.java:20)
... Removed 40 stack frames]]>
    </failure>
  </testcase> <!-- getAllBooksTest -->
</testsuite>
